2024-01-28 20:59:31.785  INFO 22484 --- [main] c.g.e.EventPlannerApplication            : Starting EventPlannerApplication using Java 16.0.2 on DESKTOP-AG1NFQD with PID 22484 (E:\Personal\code samples\Activate\event-planner\target\classes started by Shashi in E:\Personal\code samples\Activate\event-planner)
2024-01-28 20:59:31.788  INFO 22484 --- [main] c.g.e.EventPlannerApplication            : No active profile set, falling back to 1 default profile: "default"
2024-01-28 20:59:32.970  INFO 22484 --- [main] .s.d.r.c.RepositoryConfigurationDelegate : Multiple Spring Data modules found, entering strict repository configuration mode
2024-01-28 20:59:32.972  INFO 22484 --- [main] .s.d.r.c.RepositoryConfigurationDelegate : Bootstrapping Spring Data JPA repositories in DEFAULT mode.
2024-01-28 20:59:33.116  INFO 22484 --- [main] .s.d.r.c.RepositoryConfigurationDelegate : Finished Spring Data repository scanning in 135 ms. Found 2 JPA repository interfaces.
2024-01-28 20:59:33.127  INFO 22484 --- [main] .s.d.r.c.RepositoryConfigurationDelegate : Multiple Spring Data modules found, entering strict repository configuration mode
2024-01-28 20:59:33.128  INFO 22484 --- [main] .s.d.r.c.RepositoryConfigurationDelegate : Bootstrapping Spring Data Redis repositories in DEFAULT mode.
2024-01-28 20:59:33.141  INFO 22484 --- [main] .RepositoryConfigurationExtensionSupport : Spring Data Redis - Could not safely identify store assignment for repository candidate interface com.gds.eventplanner.repository.EventRepository; If you want this repository to be a Redis repository, consider annotating your entities with one of these annotations: org.springframework.data.redis.core.RedisHash (preferred), or consider extending one of the following types with your repository: org.springframework.data.keyvalue.repository.KeyValueRepository
2024-01-28 20:59:33.142  INFO 22484 --- [main] .RepositoryConfigurationExtensionSupport : Spring Data Redis - Could not safely identify store assignment for repository candidate interface com.gds.eventplanner.repository.EventUserResponseRepository; If you want this repository to be a Redis repository, consider annotating your entities with one of these annotations: org.springframework.data.redis.core.RedisHash (preferred), or consider extending one of the following types with your repository: org.springframework.data.keyvalue.repository.KeyValueRepository
2024-01-28 20:59:33.142  INFO 22484 --- [main] .s.d.r.c.RepositoryConfigurationDelegate : Finished Spring Data repository scanning in 6 ms. Found 0 Redis repository interfaces.
2024-01-28 20:59:33.687  INFO 22484 --- [main] o.s.b.w.embedded.tomcat.TomcatWebServer  : Tomcat initialized with port(s): 8080 (http)
2024-01-28 20:59:33.695  INFO 22484 --- [main] o.apache.catalina.core.StandardService   : Starting service [Tomcat]
2024-01-28 20:59:33.695  INFO 22484 --- [main] org.apache.catalina.core.StandardEngine  : Starting Servlet engine: [Apache Tomcat/9.0.82]
2024-01-28 20:59:33.833  INFO 22484 --- [main] o.a.c.c.C.[Tomcat].[localhost].[/]       : Initializing Spring embedded WebApplicationContext
2024-01-28 20:59:33.833  INFO 22484 --- [main] w.s.c.ServletWebServerApplicationContext : Root WebApplicationContext: initialization completed in 1997 ms
2024-01-28 20:59:34.363  INFO 22484 --- [main] com.zaxxer.hikari.HikariDataSource       : HikariPool-1 - Starting...
2024-01-28 20:59:34.791  INFO 22484 --- [main] com.zaxxer.hikari.HikariDataSource       : HikariPool-1 - Start completed.
2024-01-28 20:59:34.839  INFO 22484 --- [main] o.hibernate.jpa.internal.util.LogHelper  : HHH000204: Processing PersistenceUnitInfo [name: default]
2024-01-28 20:59:34.906  INFO 22484 --- [main] org.hibernate.Version                    : HHH000412: Hibernate ORM core version 5.6.15.Final
2024-01-28 20:59:35.130  INFO 22484 --- [main] o.hibernate.annotations.common.Version   : HCANN000001: Hibernate Commons Annotations {5.1.2.Final}
2024-01-28 20:59:35.316  INFO 22484 --- [main] org.hibernate.dialect.Dialect            : HHH000400: Using dialect: org.hibernate.dialect.Oracle12cDialect
2024-01-28 20:59:36.232  INFO 22484 --- [main] o.h.e.t.j.p.i.JtaPlatformInitiator       : HHH000490: Using JtaPlatform implementation: [org.hibernate.engine.transaction.jta.platform.internal.NoJtaPlatform]
2024-01-28 20:59:36.250  INFO 22484 --- [main] j.LocalContainerEntityManagerFactoryBean : Initialized JPA EntityManagerFactory for persistence unit 'default'
2024-01-28 20:59:36.710  WARN 22484 --- [main] JpaBaseConfiguration$JpaWebConfiguration : spring.jpa.open-in-view is enabled by default. Therefore, database queries may be performed during view rendering. Explicitly configure spring.jpa.open-in-view to disable this warning
2024-01-28 20:59:37.391  INFO 22484 --- [main] o.s.b.a.e.web.EndpointLinksResolver      : Exposing 1 endpoint(s) beneath base path '/actuator'
2024-01-28 20:59:37.495  INFO 22484 --- [main] o.s.b.w.embedded.tomcat.TomcatWebServer  : Tomcat started on port(s): 8080 (http) with context path ''
2024-01-28 20:59:37.511  INFO 22484 --- [main] c.g.e.EventPlannerApplication            : Started EventPlannerApplication in 6.06 seconds (JVM running for 7.167)
2024-01-28 21:41:00.450  INFO 22484 --- [RMI TCP Connection(49)-127.0.0.1] inMXBeanRegistrar$SpringApplicationAdmin : Application shutdown requested.
2024-01-28 21:41:00.827  INFO 22484 --- [RMI TCP Connection(49)-127.0.0.1] o.apache.catalina.core.StandardService   : Stopping service [Tomcat]
2024-01-28 21:41:00.900  INFO 22484 --- [RMI TCP Connection(49)-127.0.0.1] j.LocalContainerEntityManagerFactoryBean : Closing JPA EntityManagerFactory for persistence unit 'default'
2024-01-28 21:41:01.001  INFO 22484 --- [RMI TCP Connection(49)-127.0.0.1] com.zaxxer.hikari.HikariDataSource       : HikariPool-1 - Shutdown initiated...
2024-01-28 21:41:01.023  INFO 22484 --- [RMI TCP Connection(49)-127.0.0.1] com.zaxxer.hikari.HikariDataSource       : HikariPool-1 - Shutdown completed.
2024-01-28 21:41:05.765  INFO 16672 --- [main] c.g.e.EventPlannerApplication            : Starting EventPlannerApplication using Java 16.0.2 on DESKTOP-AG1NFQD with PID 16672 (E:\Personal\code samples\Activate\event-planner\target\classes started by Shashi in E:\Personal\code samples\Activate\event-planner)
2024-01-28 21:41:05.768  INFO 16672 --- [main] c.g.e.EventPlannerApplication            : No active profile set, falling back to 1 default profile: "default"
2024-01-28 21:41:06.810  INFO 16672 --- [main] .s.d.r.c.RepositoryConfigurationDelegate : Multiple Spring Data modules found, entering strict repository configuration mode
2024-01-28 21:41:06.813  INFO 16672 --- [main] .s.d.r.c.RepositoryConfigurationDelegate : Bootstrapping Spring Data JPA repositories in DEFAULT mode.
2024-01-28 21:41:06.941  INFO 16672 --- [main] .s.d.r.c.RepositoryConfigurationDelegate : Finished Spring Data repository scanning in 120 ms. Found 2 JPA repository interfaces.
2024-01-28 21:41:06.955  INFO 16672 --- [main] .s.d.r.c.RepositoryConfigurationDelegate : Multiple Spring Data modules found, entering strict repository configuration mode
2024-01-28 21:41:06.956  INFO 16672 --- [main] .s.d.r.c.RepositoryConfigurationDelegate : Bootstrapping Spring Data Redis repositories in DEFAULT mode.
2024-01-28 21:41:06.970  INFO 16672 --- [main] .RepositoryConfigurationExtensionSupport : Spring Data Redis - Could not safely identify store assignment for repository candidate interface com.gds.eventplanner.repository.EventRepository; If you want this repository to be a Redis repository, consider annotating your entities with one of these annotations: org.springframework.data.redis.core.RedisHash (preferred), or consider extending one of the following types with your repository: org.springframework.data.keyvalue.repository.KeyValueRepository
2024-01-28 21:41:06.971  INFO 16672 --- [main] .RepositoryConfigurationExtensionSupport : Spring Data Redis - Could not safely identify store assignment for repository candidate interface com.gds.eventplanner.repository.EventUserResponseRepository; If you want this repository to be a Redis repository, consider annotating your entities with one of these annotations: org.springframework.data.redis.core.RedisHash (preferred), or consider extending one of the following types with your repository: org.springframework.data.keyvalue.repository.KeyValueRepository
2024-01-28 21:41:06.971  INFO 16672 --- [main] .s.d.r.c.RepositoryConfigurationDelegate : Finished Spring Data repository scanning in 6 ms. Found 0 Redis repository interfaces.
2024-01-28 21:41:07.461  INFO 16672 --- [main] o.s.b.w.embedded.tomcat.TomcatWebServer  : Tomcat initialized with port(s): 8080 (http)
2024-01-28 21:41:07.470  INFO 16672 --- [main] o.apache.catalina.core.StandardService   : Starting service [Tomcat]
2024-01-28 21:41:07.470  INFO 16672 --- [main] org.apache.catalina.core.StandardEngine  : Starting Servlet engine: [Apache Tomcat/9.0.82]
2024-01-28 21:41:07.587  INFO 16672 --- [main] o.a.c.c.C.[Tomcat].[localhost].[/]       : Initializing Spring embedded WebApplicationContext
2024-01-28 21:41:07.588  INFO 16672 --- [main] w.s.c.ServletWebServerApplicationContext : Root WebApplicationContext: initialization completed in 1760 ms
2024-01-28 21:41:08.069  INFO 16672 --- [main] com.zaxxer.hikari.HikariDataSource       : HikariPool-1 - Starting...
2024-01-28 21:41:08.360  INFO 16672 --- [main] com.zaxxer.hikari.HikariDataSource       : HikariPool-1 - Start completed.
2024-01-28 21:41:08.401  INFO 16672 --- [main] o.hibernate.jpa.internal.util.LogHelper  : HHH000204: Processing PersistenceUnitInfo [name: default]
2024-01-28 21:41:08.445  INFO 16672 --- [main] org.hibernate.Version                    : HHH000412: Hibernate ORM core version 5.6.15.Final
2024-01-28 21:41:08.697  INFO 16672 --- [main] o.hibernate.annotations.common.Version   : HCANN000001: Hibernate Commons Annotations {5.1.2.Final}
2024-01-28 21:41:08.859  INFO 16672 --- [main] org.hibernate.dialect.Dialect            : HHH000400: Using dialect: org.hibernate.dialect.Oracle12cDialect
2024-01-28 21:41:09.535  INFO 16672 --- [main] o.h.e.t.j.p.i.JtaPlatformInitiator       : HHH000490: Using JtaPlatform implementation: [org.hibernate.engine.transaction.jta.platform.internal.NoJtaPlatform]
2024-01-28 21:41:09.549  INFO 16672 --- [main] j.LocalContainerEntityManagerFactoryBean : Initialized JPA EntityManagerFactory for persistence unit 'default'
2024-01-28 21:41:09.949  WARN 16672 --- [main] JpaBaseConfiguration$JpaWebConfiguration : spring.jpa.open-in-view is enabled by default. Therefore, database queries may be performed during view rendering. Explicitly configure spring.jpa.open-in-view to disable this warning
2024-01-28 21:41:10.506  INFO 16672 --- [main] o.s.b.a.e.web.EndpointLinksResolver      : Exposing 1 endpoint(s) beneath base path '/actuator'
2024-01-28 21:41:10.559  INFO 16672 --- [main] o.s.b.w.embedded.tomcat.TomcatWebServer  : Tomcat started on port(s): 8080 (http) with context path ''
2024-01-28 21:41:10.575  INFO 16672 --- [main] c.g.e.EventPlannerApplication            : Started EventPlannerApplication in 5.2 seconds (JVM running for 5.954)
2024-01-28 21:41:25.830  INFO 16672 --- [http-nio-8080-exec-2] o.a.c.c.C.[Tomcat].[localhost].[/]       : Initializing Spring DispatcherServlet 'dispatcherServlet'
2024-01-28 21:41:25.830  INFO 16672 --- [http-nio-8080-exec-2] o.s.web.servlet.DispatcherServlet        : Initializing Servlet 'dispatcherServlet'
2024-01-28 21:41:25.833  INFO 16672 --- [http-nio-8080-exec-2] o.s.web.servlet.DispatcherServlet        : Completed initialization in 3 ms
2024-01-28 21:41:25.870  INFO 16672 --- [http-nio-8080-exec-2] c.g.e.config.LoggingInterceptor          : Received request: POST /v1/event from 0:0:0:0:0:0:0:1
2024-01-28 21:41:26.373  INFO 16672 --- [http-nio-8080-exec-2] c.g.e.config.LoggingInterceptor          : Sent response: POST /v1/event with status 201 and exception null
2024-01-28 21:42:14.429  INFO 16672 --- [http-nio-8080-exec-3] c.g.e.config.LoggingInterceptor          : Received request: PUT /v1/event from 0:0:0:0:0:0:0:1
2024-01-28 21:42:14.626  INFO 16672 --- [http-nio-8080-exec-3] c.g.e.config.LoggingInterceptor          : Sent response: PUT /v1/event with status 200 and exception null
2024-01-28 21:42:35.569  INFO 16672 --- [http-nio-8080-exec-4] c.g.e.config.LoggingInterceptor          : Received request: POST /v1/event/81 from 0:0:0:0:0:0:0:1
2024-01-28 21:42:35.628  INFO 16672 --- [http-nio-8080-exec-4] c.g.e.config.LoggingInterceptor          : Sent response: POST /v1/event/81 with status 200 and exception null
2024-01-28 21:43:06.674  INFO 16672 --- [http-nio-8080-exec-5] c.g.e.config.LoggingInterceptor          : Received request: POST /v1/event/81 from 0:0:0:0:0:0:0:1
2024-01-28 21:43:06.700  INFO 16672 --- [http-nio-8080-exec-5] c.g.e.config.LoggingInterceptor          : Sent response: POST /v1/event/81 with status 200 and exception null
2024-01-28 21:43:24.111  INFO 16672 --- [http-nio-8080-exec-6] c.g.e.config.LoggingInterceptor          : Received request: GET /v1/event/81 from 0:0:0:0:0:0:0:1
2024-01-28 21:43:24.126  INFO 16672 --- [http-nio-8080-exec-6] c.g.e.config.LoggingInterceptor          : Sent response: GET /v1/event/81 with status 200 and exception null
2024-01-28 21:43:40.088  INFO 16672 --- [http-nio-8080-exec-7] c.g.e.config.LoggingInterceptor          : Received request: PUT /v1/event from 0:0:0:0:0:0:0:1
2024-01-28 21:43:40.112  INFO 16672 --- [http-nio-8080-exec-7] c.g.e.config.LoggingInterceptor          : Sent response: PUT /v1/event with status 200 and exception null
2024-01-28 21:44:13.368  INFO 16672 --- [http-nio-8080-exec-8] c.g.e.config.LoggingInterceptor          : Received request: POST /v1/event/81 from 0:0:0:0:0:0:0:1
2024-01-28 21:44:13.390  INFO 16672 --- [http-nio-8080-exec-8] c.g.e.config.LoggingInterceptor          : Sent response: POST /v1/event/81 with status 424 and exception null
2024-01-28 22:50:25.482  INFO 12744 --- [main] c.g.e.EventPlannerApplication            : Starting EventPlannerApplication using Java 11.0.11 on DESKTOP-AG1NFQD with PID 12744 (E:\Personal\code samples\Activate\Git-Hub\event-planner\target\classes started by Shashi in E:\Personal\code samples\Activate\Git-Hub\event-planner)
2024-01-28 22:50:25.493  INFO 12744 --- [main] c.g.e.EventPlannerApplication            : No active profile set, falling back to 1 default profile: "default"
2024-01-28 22:50:26.495  INFO 12744 --- [main] .s.d.r.c.RepositoryConfigurationDelegate : Multiple Spring Data modules found, entering strict repository configuration mode
2024-01-28 22:50:26.496  INFO 12744 --- [main] .s.d.r.c.RepositoryConfigurationDelegate : Bootstrapping Spring Data JPA repositories in DEFAULT mode.
2024-01-28 22:50:26.574  INFO 12744 --- [main] .s.d.r.c.RepositoryConfigurationDelegate : Finished Spring Data repository scanning in 67 ms. Found 2 JPA repository interfaces.
2024-01-28 22:50:26.590  INFO 12744 --- [main] .s.d.r.c.RepositoryConfigurationDelegate : Multiple Spring Data modules found, entering strict repository configuration mode
2024-01-28 22:50:26.591  INFO 12744 --- [main] .s.d.r.c.RepositoryConfigurationDelegate : Bootstrapping Spring Data Redis repositories in DEFAULT mode.
2024-01-28 22:50:26.607  INFO 12744 --- [main] .RepositoryConfigurationExtensionSupport : Spring Data Redis - Could not safely identify store assignment for repository candidate interface com.gds.eventplanner.repository.EventRepository; If you want this repository to be a Redis repository, consider annotating your entities with one of these annotations: org.springframework.data.redis.core.RedisHash (preferred), or consider extending one of the following types with your repository: org.springframework.data.keyvalue.repository.KeyValueRepository
2024-01-28 22:50:26.608  INFO 12744 --- [main] .RepositoryConfigurationExtensionSupport : Spring Data Redis - Could not safely identify store assignment for repository candidate interface com.gds.eventplanner.repository.EventUserResponseRepository; If you want this repository to be a Redis repository, consider annotating your entities with one of these annotations: org.springframework.data.redis.core.RedisHash (preferred), or consider extending one of the following types with your repository: org.springframework.data.keyvalue.repository.KeyValueRepository
2024-01-28 22:50:26.624  INFO 12744 --- [main] .s.d.r.c.RepositoryConfigurationDelegate : Finished Spring Data repository scanning in 21 ms. Found 0 Redis repository interfaces.
2024-01-28 22:50:27.297  INFO 12744 --- [main] o.s.b.w.embedded.tomcat.TomcatWebServer  : Tomcat initialized with port(s): 8080 (http)
2024-01-28 22:50:27.310  INFO 12744 --- [main] o.apache.catalina.core.StandardService   : Starting service [Tomcat]
2024-01-28 22:50:27.311  INFO 12744 --- [main] org.apache.catalina.core.StandardEngine  : Starting Servlet engine: [Apache Tomcat/9.0.82]
2024-01-28 22:50:27.440  INFO 12744 --- [main] o.a.c.c.C.[Tomcat].[localhost].[/]       : Initializing Spring embedded WebApplicationContext
2024-01-28 22:50:27.440  INFO 12744 --- [main] w.s.c.ServletWebServerApplicationContext : Root WebApplicationContext: initialization completed in 1892 ms
2024-01-28 22:50:28.089  INFO 12744 --- [main] com.zaxxer.hikari.HikariDataSource       : HikariPool-1 - Starting...
2024-01-28 22:50:28.558  INFO 12744 --- [main] com.zaxxer.hikari.HikariDataSource       : HikariPool-1 - Start completed.
2024-01-28 22:50:28.607  INFO 12744 --- [main] o.hibernate.jpa.internal.util.LogHelper  : HHH000204: Processing PersistenceUnitInfo [name: default]
2024-01-28 22:50:28.660  INFO 12744 --- [main] org.hibernate.Version                    : HHH000412: Hibernate ORM core version 5.6.15.Final
2024-01-28 22:50:28.824  INFO 12744 --- [main] o.hibernate.annotations.common.Version   : HCANN000001: Hibernate Commons Annotations {5.1.2.Final}
2024-01-28 22:50:28.974  INFO 12744 --- [main] org.hibernate.dialect.Dialect            : HHH000400: Using dialect: org.hibernate.dialect.Oracle12cDialect
2024-01-28 22:50:29.819  INFO 12744 --- [main] o.h.e.t.j.p.i.JtaPlatformInitiator       : HHH000490: Using JtaPlatform implementation: [org.hibernate.engine.transaction.jta.platform.internal.NoJtaPlatform]
2024-01-28 22:50:29.830  INFO 12744 --- [main] j.LocalContainerEntityManagerFactoryBean : Initialized JPA EntityManagerFactory for persistence unit 'default'
2024-01-28 22:50:30.214  WARN 12744 --- [main] JpaBaseConfiguration$JpaWebConfiguration : spring.jpa.open-in-view is enabled by default. Therefore, database queries may be performed during view rendering. Explicitly configure spring.jpa.open-in-view to disable this warning
2024-01-28 22:50:30.683  INFO 12744 --- [main] o.s.b.a.e.web.EndpointLinksResolver      : Exposing 1 endpoint(s) beneath base path '/actuator'
2024-01-28 22:50:30.714  WARN 12744 --- [main] ConfigServletWebServerApplicationContext : Exception encountered during context initialization - cancelling refresh attempt: org.springframework.context.ApplicationContextException: Failed to start bean 'webServerStartStop'; nested exception is org.springframework.boot.web.server.PortInUseException: Port 8080 is already in use
2024-01-28 22:50:30.716  INFO 12744 --- [main] j.LocalContainerEntityManagerFactoryBean : Closing JPA EntityManagerFactory for persistence unit 'default'
2024-01-28 22:50:30.732  INFO 12744 --- [main] com.zaxxer.hikari.HikariDataSource       : HikariPool-1 - Shutdown initiated...
2024-01-28 22:50:30.762  INFO 12744 --- [main] com.zaxxer.hikari.HikariDataSource       : HikariPool-1 - Shutdown completed.
2024-01-28 22:50:30.767  INFO 12744 --- [main] o.apache.catalina.core.StandardService   : Stopping service [Tomcat]
2024-01-28 22:50:30.789  INFO 12744 --- [main] ConditionEvaluationReportLoggingListener : 

Error starting ApplicationContext. To display the conditions report re-run your application with 'debug' enabled.
2024-01-28 22:50:30.805 ERROR 12744 --- [main] o.s.b.d.LoggingFailureAnalysisReporter   : 

***************************
APPLICATION FAILED TO START
***************************

Description:

Web server failed to start. Port 8080 was already in use.

Action:

Identify and stop the process that's listening on port 8080 or configure this application to listen on another port.

2024-01-28 22:50:51.602  INFO 22412 --- [main] c.g.e.EventPlannerApplication            : Starting EventPlannerApplication using Java 11.0.11 on DESKTOP-AG1NFQD with PID 22412 (E:\Personal\code samples\Activate\Git-Hub\event-planner\target\classes started by Shashi in E:\Personal\code samples\Activate\Git-Hub\event-planner)
2024-01-28 22:50:51.605  INFO 22412 --- [main] c.g.e.EventPlannerApplication            : No active profile set, falling back to 1 default profile: "default"
2024-01-28 22:50:52.387  INFO 22412 --- [main] .s.d.r.c.RepositoryConfigurationDelegate : Multiple Spring Data modules found, entering strict repository configuration mode
2024-01-28 22:50:52.388  INFO 22412 --- [main] .s.d.r.c.RepositoryConfigurationDelegate : Bootstrapping Spring Data JPA repositories in DEFAULT mode.
2024-01-28 22:50:52.453  INFO 22412 --- [main] .s.d.r.c.RepositoryConfigurationDelegate : Finished Spring Data repository scanning in 56 ms. Found 2 JPA repository interfaces.
2024-01-28 22:50:52.465  INFO 22412 --- [main] .s.d.r.c.RepositoryConfigurationDelegate : Multiple Spring Data modules found, entering strict repository configuration mode
2024-01-28 22:50:52.467  INFO 22412 --- [main] .s.d.r.c.RepositoryConfigurationDelegate : Bootstrapping Spring Data Redis repositories in DEFAULT mode.
2024-01-28 22:50:52.480  INFO 22412 --- [main] .RepositoryConfigurationExtensionSupport : Spring Data Redis - Could not safely identify store assignment for repository candidate interface com.gds.eventplanner.repository.EventRepository; If you want this repository to be a Redis repository, consider annotating your entities with one of these annotations: org.springframework.data.redis.core.RedisHash (preferred), or consider extending one of the following types with your repository: org.springframework.data.keyvalue.repository.KeyValueRepository
2024-01-28 22:50:52.481  INFO 22412 --- [main] .RepositoryConfigurationExtensionSupport : Spring Data Redis - Could not safely identify store assignment for repository candidate interface com.gds.eventplanner.repository.EventUserResponseRepository; If you want this repository to be a Redis repository, consider annotating your entities with one of these annotations: org.springframework.data.redis.core.RedisHash (preferred), or consider extending one of the following types with your repository: org.springframework.data.keyvalue.repository.KeyValueRepository
2024-01-28 22:50:52.482  INFO 22412 --- [main] .s.d.r.c.RepositoryConfigurationDelegate : Finished Spring Data repository scanning in 7 ms. Found 0 Redis repository interfaces.
2024-01-28 22:50:53.186  INFO 22412 --- [main] o.s.b.w.embedded.tomcat.TomcatWebServer  : Tomcat initialized with port(s): 8080 (http)
2024-01-28 22:50:53.197  INFO 22412 --- [main] o.apache.catalina.core.StandardService   : Starting service [Tomcat]
2024-01-28 22:50:53.198  INFO 22412 --- [main] org.apache.catalina.core.StandardEngine  : Starting Servlet engine: [Apache Tomcat/9.0.82]
2024-01-28 22:50:53.294  INFO 22412 --- [main] o.a.c.c.C.[Tomcat].[localhost].[/]       : Initializing Spring embedded WebApplicationContext
2024-01-28 22:50:53.294  INFO 22412 --- [main] w.s.c.ServletWebServerApplicationContext : Root WebApplicationContext: initialization completed in 1638 ms
2024-01-28 22:50:53.701  INFO 22412 --- [main] com.zaxxer.hikari.HikariDataSource       : HikariPool-1 - Starting...
2024-01-28 22:50:53.894  INFO 22412 --- [main] com.zaxxer.hikari.HikariDataSource       : HikariPool-1 - Start completed.
2024-01-28 22:50:53.929  INFO 22412 --- [main] o.hibernate.jpa.internal.util.LogHelper  : HHH000204: Processing PersistenceUnitInfo [name: default]
2024-01-28 22:50:53.965  INFO 22412 --- [main] org.hibernate.Version                    : HHH000412: Hibernate ORM core version 5.6.15.Final
2024-01-28 22:50:54.093  INFO 22412 --- [main] o.hibernate.annotations.common.Version   : HCANN000001: Hibernate Commons Annotations {5.1.2.Final}
2024-01-28 22:50:54.222  INFO 22412 --- [main] org.hibernate.dialect.Dialect            : HHH000400: Using dialect: org.hibernate.dialect.Oracle12cDialect
2024-01-28 22:50:54.828  INFO 22412 --- [main] o.h.e.t.j.p.i.JtaPlatformInitiator       : HHH000490: Using JtaPlatform implementation: [org.hibernate.engine.transaction.jta.platform.internal.NoJtaPlatform]
2024-01-28 22:50:54.839  INFO 22412 --- [main] j.LocalContainerEntityManagerFactoryBean : Initialized JPA EntityManagerFactory for persistence unit 'default'
2024-01-28 22:50:55.178  WARN 22412 --- [main] JpaBaseConfiguration$JpaWebConfiguration : spring.jpa.open-in-view is enabled by default. Therefore, database queries may be performed during view rendering. Explicitly configure spring.jpa.open-in-view to disable this warning
2024-01-28 22:50:55.612  INFO 22412 --- [main] o.s.b.a.e.web.EndpointLinksResolver      : Exposing 1 endpoint(s) beneath base path '/actuator'
2024-01-28 22:50:55.662  INFO 22412 --- [main] o.s.b.w.embedded.tomcat.TomcatWebServer  : Tomcat started on port(s): 8080 (http) with context path ''
2024-01-28 22:50:55.679  INFO 22412 --- [main] c.g.e.EventPlannerApplication            : Started EventPlannerApplication in 4.447 seconds (JVM running for 4.852)
2024-01-28 22:51:30.625  INFO 22412 --- [SpringApplicationShutdownHook] j.LocalContainerEntityManagerFactoryBean : Closing JPA EntityManagerFactory for persistence unit 'default'
2024-01-28 22:51:30.639  INFO 22412 --- [SpringApplicationShutdownHook] com.zaxxer.hikari.HikariDataSource       : HikariPool-1 - Shutdown initiated...
2024-01-28 22:51:30.655  INFO 22412 --- [SpringApplicationShutdownHook] com.zaxxer.hikari.HikariDataSource       : HikariPool-1 - Shutdown completed.
2024-01-28 22:52:51.794  INFO 22500 --- [main] c.g.e.EventPlannerApplication            : Starting EventPlannerApplication using Java 11.0.11 on DESKTOP-AG1NFQD with PID 22500 (E:\Personal\code samples\Activate\Git-Hub\event-planner\target\classes started by Shashi in E:\Personal\code samples\Activate\Git-Hub\event-planner)
2024-01-28 22:52:51.797  INFO 22500 --- [main] c.g.e.EventPlannerApplication            : No active profile set, falling back to 1 default profile: "default"
2024-01-28 22:52:52.589  INFO 22500 --- [main] .s.d.r.c.RepositoryConfigurationDelegate : Multiple Spring Data modules found, entering strict repository configuration mode
2024-01-28 22:52:52.589  INFO 22500 --- [main] .s.d.r.c.RepositoryConfigurationDelegate : Bootstrapping Spring Data JPA repositories in DEFAULT mode.
2024-01-28 22:52:52.651  INFO 22500 --- [main] .s.d.r.c.RepositoryConfigurationDelegate : Finished Spring Data repository scanning in 54 ms. Found 2 JPA repository interfaces.
2024-01-28 22:52:52.661  INFO 22500 --- [main] .s.d.r.c.RepositoryConfigurationDelegate : Multiple Spring Data modules found, entering strict repository configuration mode
2024-01-28 22:52:52.662  INFO 22500 --- [main] .s.d.r.c.RepositoryConfigurationDelegate : Bootstrapping Spring Data Redis repositories in DEFAULT mode.
2024-01-28 22:52:52.673  INFO 22500 --- [main] .RepositoryConfigurationExtensionSupport : Spring Data Redis - Could not safely identify store assignment for repository candidate interface com.gds.eventplanner.repository.EventRepository; If you want this repository to be a Redis repository, consider annotating your entities with one of these annotations: org.springframework.data.redis.core.RedisHash (preferred), or consider extending one of the following types with your repository: org.springframework.data.keyvalue.repository.KeyValueRepository
2024-01-28 22:52:52.674  INFO 22500 --- [main] .RepositoryConfigurationExtensionSupport : Spring Data Redis - Could not safely identify store assignment for repository candidate interface com.gds.eventplanner.repository.EventUserResponseRepository; If you want this repository to be a Redis repository, consider annotating your entities with one of these annotations: org.springframework.data.redis.core.RedisHash (preferred), or consider extending one of the following types with your repository: org.springframework.data.keyvalue.repository.KeyValueRepository
2024-01-28 22:52:52.674  INFO 22500 --- [main] .s.d.r.c.RepositoryConfigurationDelegate : Finished Spring Data repository scanning in 5 ms. Found 0 Redis repository interfaces.
2024-01-28 22:52:53.377  INFO 22500 --- [main] o.s.b.w.embedded.tomcat.TomcatWebServer  : Tomcat initialized with port(s): 8080 (http)
2024-01-28 22:52:53.385  INFO 22500 --- [main] o.apache.catalina.core.StandardService   : Starting service [Tomcat]
2024-01-28 22:52:53.385  INFO 22500 --- [main] org.apache.catalina.core.StandardEngine  : Starting Servlet engine: [Apache Tomcat/9.0.82]
2024-01-28 22:52:53.474  INFO 22500 --- [main] o.a.c.c.C.[Tomcat].[localhost].[/]       : Initializing Spring embedded WebApplicationContext
2024-01-28 22:52:53.474  INFO 22500 --- [main] w.s.c.ServletWebServerApplicationContext : Root WebApplicationContext: initialization completed in 1631 ms
2024-01-28 22:52:53.889  INFO 22500 --- [main] com.zaxxer.hikari.HikariDataSource       : HikariPool-1 - Starting...
2024-01-28 22:52:54.077  INFO 22500 --- [main] com.zaxxer.hikari.HikariDataSource       : HikariPool-1 - Start completed.
2024-01-28 22:52:54.110  INFO 22500 --- [main] o.hibernate.jpa.internal.util.LogHelper  : HHH000204: Processing PersistenceUnitInfo [name: default]
2024-01-28 22:52:54.148  INFO 22500 --- [main] org.hibernate.Version                    : HHH000412: Hibernate ORM core version 5.6.15.Final
2024-01-28 22:52:54.287  INFO 22500 --- [main] o.hibernate.annotations.common.Version   : HCANN000001: Hibernate Commons Annotations {5.1.2.Final}
2024-01-28 22:52:54.395  INFO 22500 --- [main] org.hibernate.dialect.Dialect            : HHH000400: Using dialect: org.hibernate.dialect.Oracle12cDialect
2024-01-28 22:52:55.020  INFO 22500 --- [main] o.h.e.t.j.p.i.JtaPlatformInitiator       : HHH000490: Using JtaPlatform implementation: [org.hibernate.engine.transaction.jta.platform.internal.NoJtaPlatform]
2024-01-28 22:52:55.029  INFO 22500 --- [main] j.LocalContainerEntityManagerFactoryBean : Initialized JPA EntityManagerFactory for persistence unit 'default'
2024-01-28 22:52:55.368  WARN 22500 --- [main] JpaBaseConfiguration$JpaWebConfiguration : spring.jpa.open-in-view is enabled by default. Therefore, database queries may be performed during view rendering. Explicitly configure spring.jpa.open-in-view to disable this warning
2024-01-28 22:52:55.807  INFO 22500 --- [main] o.s.b.a.e.web.EndpointLinksResolver      : Exposing 1 endpoint(s) beneath base path '/actuator'
2024-01-28 22:52:55.841  INFO 22500 --- [main] o.s.b.w.embedded.tomcat.TomcatWebServer  : Tomcat started on port(s): 8080 (http) with context path ''
2024-01-28 22:52:55.856  INFO 22500 --- [main] c.g.e.EventPlannerApplication            : Started EventPlannerApplication in 4.44 seconds (JVM running for 4.785)
2024-01-28 22:53:11.743  INFO 22500 --- [SpringApplicationShutdownHook] j.LocalContainerEntityManagerFactoryBean : Closing JPA EntityManagerFactory for persistence unit 'default'
2024-01-28 22:53:11.755  INFO 22500 --- [SpringApplicationShutdownHook] com.zaxxer.hikari.HikariDataSource       : HikariPool-1 - Shutdown initiated...
2024-01-28 22:53:11.772  INFO 22500 --- [SpringApplicationShutdownHook] com.zaxxer.hikari.HikariDataSource       : HikariPool-1 - Shutdown completed.
